Initialized logger.
Initialized Scheduler
1641021254 Queue: 1 with resource requirement of 128 for time 10800
1641021254 Entered scheduling cycle...
1641021254 Considering job 1 with resources 128 for 10800.
1641021254 Can schedule
1641021254 Leaving scheduling cycle...
1641021254 Cycle took 0.0004677772521972656 seconds.
1641021254 Start: 1 with resource requirement of 128 for time 10800
1641022430 Queue: 2 with resource requirement of 640 for time 12600
1641022430 Entered scheduling cycle...
1641022430 Considering job 2 with resources 640 for 12600.
1641022430 Can schedule
1641022430 Leaving scheduling cycle...
1641022430 Cycle took 0.0008852481842041016 seconds.
1641022430 Start: 2 with resource requirement of 640 for time 12600
1641023009 Queue: 3 with resource requirement of 256 for time 7200
1641023009 Entered scheduling cycle...
1641023009 Considering job 3 with resources 256 for 7200.
1641023009 Can schedule
1641023009 Leaving scheduling cycle...
1641023009 Cycle took 0.00048279762268066406 seconds.
1641023009 Start: 3 with resource requirement of 256 for time 7200
1641023015 Queue: 4 with resource requirement of 512 for time 3600
1641023015 Entered scheduling cycle...
1641023015 Considering job 4 with resources 512 for 3600.
1641023015 Can schedule
1641023015 Leaving scheduling cycle...
1641023015 Cycle took 0.0004420280456542969 seconds.
1641023015 Start: 4 with resource requirement of 512 for time 3600
1641023029 Queue: 5 with resource requirement of 128 for time 2400
1641023029 Entered scheduling cycle...
1641023029 Considering job 5 with resources 128 for 2400.
1641023029 Can schedule
1641023029 Leaving scheduling cycle...
1641023029 Cycle took 0.00041413307189941406 seconds.
1641023029 Start: 5 with resource requirement of 128 for time 2400
1641025388 End: 5 with resource requirement of 128 for time 2400
1641025388 Entered scheduling cycle...
1641025388 Leaving scheduling cycle...
1641025388 Cycle took 5.245208740234375e-06 seconds.
1641026545 End: 4 with resource requirement of 512 for time 3600
1641026545 Entered scheduling cycle...
1641026545 Leaving scheduling cycle...
1641026545 Cycle took 5.245208740234375e-06 seconds.
1641030181 End: 3 with resource requirement of 256 for time 7200
1641030181 Entered scheduling cycle...
1641030181 Leaving scheduling cycle...
1641030181 Cycle took 5.0067901611328125e-06 seconds.
1641032103 End: 1 with resource requirement of 128 for time 10800
1641032103 Entered scheduling cycle...
1641032103 Leaving scheduling cycle...
1641032103 Cycle took 4.76837158203125e-06 seconds.
1641033312 Queue: 6 with resource requirement of 256 for time 21600
1641033312 Entered scheduling cycle...
1641033312 Considering job 6 with resources 256 for 21600.
1641033312 Can schedule
1641033312 Leaving scheduling cycle...
1641033312 Cycle took 0.0004756450653076172 seconds.
1641033312 Start: 6 with resource requirement of 256 for time 21600
1641033338 Queue: 7 with resource requirement of 256 for time 21600
1641033338 Entered scheduling cycle...
1641033338 Considering job 7 with resources 256 for 21600.
1641033338 Can schedule
1641033338 Leaving scheduling cycle...
1641033338 Cycle took 0.0004799365997314453 seconds.
1641033338 Start: 7 with resource requirement of 256 for time 21600
1641033350 Queue: 8 with resource requirement of 256 for time 21600
1641033350 Entered scheduling cycle...
1641033350 Considering job 8 with resources 256 for 21600.
1641033350 Can schedule
1641033350 Leaving scheduling cycle...
1641033350 Cycle took 0.0004737377166748047 seconds.
1641033350 Start: 8 with resource requirement of 256 for time 21600
1641035126 End: 2 with resource requirement of 640 for time 12600
1641035126 Entered scheduling cycle...
1641035126 Leaving scheduling cycle...
1641035126 Cycle took 5.245208740234375e-06 seconds.
1641054959 End: 6 with resource requirement of 256 for time 21600
1641054959 Entered scheduling cycle...
1641054959 Leaving scheduling cycle...
1641054959 Cycle took 5.4836273193359375e-06 seconds.
