Initialized logger.
Initialized Scheduler
1732981055 Queue: 1 with resource requirement of 2 for time 180
1732981055 Entered scheduling cycle...
1732981055 Considering job 1 with resources 2 for 180.
1732981055 Can schedule
1732981055 Leaving scheduling cycle...
1732981055 Cycle took 2.6941299438476562e-05 seconds.
1732981055 Start: 1 with resource requirement of 2 for time 180
1732981060 Queue: 2 with resource requirement of 8 for time 420
1732981060 Entered scheduling cycle...
1732981060 Considering job 2 with resources 8 for 420.
1732981060 Can schedule
1732981060 Leaving scheduling cycle...
1732981060 Cycle took 2.3126602172851562e-05 seconds.
1732981060 Start: 2 with resource requirement of 8 for time 420
1732981065 Queue: 3 with resource requirement of 2 for time 180
1732981065 Entered scheduling cycle...
1732981065 Considering job 3 with resources 2 for 180.
1732981065 Can schedule
1732981065 Leaving scheduling cycle...
1732981065 Cycle took 1.4781951904296875e-05 seconds.
1732981065 Start: 3 with resource requirement of 2 for time 180
1732981070 Queue: 4 with resource requirement of 1 for time 900
1732981070 Entered scheduling cycle...
1732981070 Considering job 4 with resources 1 for 900.
1732981070 Can schedule
1732981070 Leaving scheduling cycle...
1732981070 Cycle took 1.7881393432617188e-05 seconds.
1732981070 Start: 4 with resource requirement of 1 for time 900
1732981075 Queue: 5 with resource requirement of 1 for time 900
1732981075 Entered scheduling cycle...
1732981075 Considering job 5 with resources 1 for 900.
1732981075 Can schedule
1732981075 Leaving scheduling cycle...
1732981075 Cycle took 1.4066696166992188e-05 seconds.
1732981075 Start: 5 with resource requirement of 1 for time 900
1732981080 Queue: 6 with resource requirement of 2 for time 180
1732981080 Entered scheduling cycle...
1732981080 Considering job 6 with resources 2 for 180.
1732981080 Can schedule
1732981080 Leaving scheduling cycle...
1732981080 Cycle took 1.621246337890625e-05 seconds.
1732981080 Start: 6 with resource requirement of 2 for time 180
1732981085 Queue: 7 with resource requirement of 8 for time 600
1732981085 Entered scheduling cycle...
1732981085 Considering job 7 with resources 8 for 600.
1732981085 Can schedule
1732981085 Leaving scheduling cycle...
1732981085 Cycle took 1.5974044799804688e-05 seconds.
1732981085 Start: 7 with resource requirement of 8 for time 600
1732981090 Queue: 8 with resource requirement of 2 for time 600
1732981090 Entered scheduling cycle...
1732981090 Considering job 8 with resources 2 for 600.
1732981090 Can schedule
1732981090 Leaving scheduling cycle...
1732981090 Cycle took 1.6927719116210938e-05 seconds.
1732981090 Start: 8 with resource requirement of 2 for time 600
1732981095 Queue: 9 with resource requirement of 4 for time 60
1732981095 Entered scheduling cycle...
1732981095 Considering job 9 with resources 4 for 60.
1732981095 Can schedule
1732981095 Leaving scheduling cycle...
1732981095 Cycle took 1.5020370483398438e-05 seconds.
1732981095 Start: 9 with resource requirement of 4 for time 60
1732981100 Queue: 10 with resource requirement of 4 for time 600
1732981100 Entered scheduling cycle...
1732981100 Considering job 10 with resources 4 for 600.
1732981100 Can not schedule
1732981100 Entered backfill..
1732981100 Top job: 10 with resource requirement of 4 for time 600
1732981100 Build TRM: Running jobs: Job(id=9, name='job.9', resources=4, walltime=60, runtime=63, state=<JobState.RUNNING: 2>, resource_ids=[13, 4, 15, 1])
1732981100 Build TRM: Running jobs: Job(id=1, name='job.1', resources=2, walltime=180, runtime=166, state=<JobState.RUNNING: 2>, resource_ids=[3, 18])
1732981100 Build TRM: Running jobs: Job(id=3, name='job.3', resources=2, walltime=180, runtime=152, state=<JobState.RUNNING: 2>, resource_ids=[31, 14])
1732981100 Build TRM: Running jobs: Job(id=6, name='job.6', resources=2, walltime=180, runtime=158, state=<JobState.RUNNING: 2>, resource_ids=[8, 28])
1732981100 Build TRM: Running jobs: Job(id=2, name='job.2', resources=8, walltime=420, runtime=377, state=<JobState.RUNNING: 2>, resource_ids=[29, 11, 5, 30, 20, 12, 25, 23])
1732981100 Build TRM: Running jobs: Job(id=7, name='job.7', resources=8, walltime=600, runtime=548, state=<JobState.RUNNING: 2>, resource_ids=[27, 22, 21, 17, 6, 9, 19, 10])
1732981100 Build TRM: Running jobs: Job(id=8, name='job.8', resources=2, walltime=600, runtime=532, state=<JobState.RUNNING: 2>, resource_ids=[0, 2])
1732981100 Build TRM: Running jobs: Job(id=4, name='job.4', resources=1, walltime=900, runtime=729, state=<JobState.RUNNING: 2>, resource_ids=[26])
1732981100 Build TRM: Running jobs: Job(id=5, name='job.5', resources=1, walltime=900, runtime=792, state=<JobState.RUNNING: 2>, resource_ids=[24])
1732981100 Buil TRM: At 1732981100 Available 2.
1732981100 Build TRM: Job 9 ends at 1732981155. Available 6.
1732981100 Build TRM: Job 1 ends at 1732981235. Available 8.
1732981100 Build TRM: Job 3 ends at 1732981245. Available 10.
1732981100 Build TRM: Job 6 ends at 1732981260. Available 12.
1732981100 Build TRM: Job 2 ends at 1732981480. Available 20.
1732981100 Build TRM: Job 7 ends at 1732981685. Available 28.
1732981100 Build TRM: Job 8 ends at 1732981690. Available 30.
1732981100 Build TRM: Job 4 ends at 1732981970. Available 31.
1732981100 Build TRM: Job 5 ends at 1732981975. Available 32.
1732981100 Leaving scheduling cycle...
1732981100 Cycle took 6.985664367675781e-05 seconds.
1732981105 Queue: 11 with resource requirement of 8 for time 900
1732981105 Entered scheduling cycle...
1732981105 Considering job 10 with resources 4 for 600.
1732981105 Can not schedule
1732981105 Entered backfill..
1732981105 Top job: 10 with resource requirement of 4 for time 600
1732981105 Build TRM: Running jobs: Job(id=9, name='job.9', resources=4, walltime=60, runtime=63, state=<JobState.RUNNING: 2>, resource_ids=[13, 4, 15, 1])
1732981105 Build TRM: Running jobs: Job(id=1, name='job.1', resources=2, walltime=180, runtime=166, state=<JobState.RUNNING: 2>, resource_ids=[3, 18])
1732981105 Build TRM: Running jobs: Job(id=3, name='job.3', resources=2, walltime=180, runtime=152, state=<JobState.RUNNING: 2>, resource_ids=[31, 14])
1732981105 Build TRM: Running jobs: Job(id=6, name='job.6', resources=2, walltime=180, runtime=158, state=<JobState.RUNNING: 2>, resource_ids=[8, 28])
1732981105 Build TRM: Running jobs: Job(id=2, name='job.2', resources=8, walltime=420, runtime=377, state=<JobState.RUNNING: 2>, resource_ids=[29, 11, 5, 30, 20, 12, 25, 23])
1732981105 Build TRM: Running jobs: Job(id=7, name='job.7', resources=8, walltime=600, runtime=548, state=<JobState.RUNNING: 2>, resource_ids=[27, 22, 21, 17, 6, 9, 19, 10])
1732981105 Build TRM: Running jobs: Job(id=8, name='job.8', resources=2, walltime=600, runtime=532, state=<JobState.RUNNING: 2>, resource_ids=[0, 2])
1732981105 Build TRM: Running jobs: Job(id=4, name='job.4', resources=1, walltime=900, runtime=729, state=<JobState.RUNNING: 2>, resource_ids=[26])
1732981105 Build TRM: Running jobs: Job(id=5, name='job.5', resources=1, walltime=900, runtime=792, state=<JobState.RUNNING: 2>, resource_ids=[24])
1732981105 Buil TRM: At 1732981105 Available 2.
1732981105 Build TRM: Job 9 ends at 1732981155. Available 6.
1732981105 Build TRM: Job 1 ends at 1732981235. Available 8.
1732981105 Build TRM: Job 3 ends at 1732981245. Available 10.
1732981105 Build TRM: Job 6 ends at 1732981260. Available 12.
1732981105 Build TRM: Job 2 ends at 1732981480. Available 20.
1732981105 Build TRM: Job 7 ends at 1732981685. Available 28.
1732981105 Build TRM: Job 8 ends at 1732981690. Available 30.
1732981105 Build TRM: Job 4 ends at 1732981970. Available 31.
1732981105 Build TRM: Job 5 ends at 1732981975. Available 32.
1732981105 Leaving scheduling cycle...
1732981105 Cycle took 6.318092346191406e-05 seconds.
1732981110 Queue: 12 with resource requirement of 2 for time 420
1732981110 Entered scheduling cycle...
1732981110 Considering job 10 with resources 4 for 600.
1732981110 Can not schedule
1732981110 Entered backfill..
1732981110 Top job: 10 with resource requirement of 4 for time 600
1732981110 Build TRM: Running jobs: Job(id=9, name='job.9', resources=4, walltime=60, runtime=63, state=<JobState.RUNNING: 2>, resource_ids=[13, 4, 15, 1])
1732981110 Build TRM: Running jobs: Job(id=1, name='job.1', resources=2, walltime=180, runtime=166, state=<JobState.RUNNING: 2>, resource_ids=[3, 18])
1732981110 Build TRM: Running jobs: Job(id=3, name='job.3', resources=2, walltime=180, runtime=152, state=<JobState.RUNNING: 2>, resource_ids=[31, 14])
1732981110 Build TRM: Running jobs: Job(id=6, name='job.6', resources=2, walltime=180, runtime=158, state=<JobState.RUNNING: 2>, resource_ids=[8, 28])
1732981110 Build TRM: Running jobs: Job(id=2, name='job.2', resources=8, walltime=420, runtime=377, state=<JobState.RUNNING: 2>, resource_ids=[29, 11, 5, 30, 20, 12, 25, 23])
1732981110 Build TRM: Running jobs: Job(id=7, name='job.7', resources=8, walltime=600, runtime=548, state=<JobState.RUNNING: 2>, resource_ids=[27, 22, 21, 17, 6, 9, 19, 10])
1732981110 Build TRM: Running jobs: Job(id=8, name='job.8', resources=2, walltime=600, runtime=532, state=<JobState.RUNNING: 2>, resource_ids=[0, 2])
1732981110 Build TRM: Running jobs: Job(id=4, name='job.4', resources=1, walltime=900, runtime=729, state=<JobState.RUNNING: 2>, resource_ids=[26])
1732981110 Build TRM: Running jobs: Job(id=5, name='job.5', resources=1, walltime=900, runtime=792, state=<JobState.RUNNING: 2>, resource_ids=[24])
1732981110 Buil TRM: At 1732981110 Available 2.
1732981110 Build TRM: Job 9 ends at 1732981155. Available 6.
1732981110 Build TRM: Job 1 ends at 1732981235. Available 8.
1732981110 Build TRM: Job 3 ends at 1732981245. Available 10.
1732981110 Build TRM: Job 6 ends at 1732981260. Available 12.
1732981110 Build TRM: Job 2 ends at 1732981480. Available 20.
1732981110 Build TRM: Job 7 ends at 1732981685. Available 28.
1732981110 Build TRM: Job 8 ends at 1732981690. Available 30.
1732981110 Build TRM: Job 4 ends at 1732981970. Available 31.
1732981110 Build TRM: Job 5 ends at 1732981975. Available 32.
1732981110 Leaving scheduling cycle...
1732981110 Cycle took 8.58306884765625e-05 seconds.
1732981110 Start: 12 with resource requirement of 2 for time 420
1732981115 Queue: 13 with resource requirement of 2 for time 300
1732981115 Entered scheduling cycle...
1732981115 Considering job 10 with resources 4 for 600.
1732981115 Can not schedule
1732981115 Entered backfill..
1732981115 Top job: 10 with resource requirement of 4 for time 600
1732981115 Build TRM: Running jobs: Job(id=9, name='job.9', resources=4, walltime=60, runtime=63, state=<JobState.RUNNING: 2>, resource_ids=[13, 4, 15, 1])
1732981115 Build TRM: Running jobs: Job(id=1, name='job.1', resources=2, walltime=180, runtime=166, state=<JobState.RUNNING: 2>, resource_ids=[3, 18])
1732981115 Build TRM: Running jobs: Job(id=3, name='job.3', resources=2, walltime=180, runtime=152, state=<JobState.RUNNING: 2>, resource_ids=[31, 14])
1732981115 Build TRM: Running jobs: Job(id=6, name='job.6', resources=2, walltime=180, runtime=158, state=<JobState.RUNNING: 2>, resource_ids=[8, 28])
1732981115 Build TRM: Running jobs: Job(id=2, name='job.2', resources=8, walltime=420, runtime=377, state=<JobState.RUNNING: 2>, resource_ids=[29, 11, 5, 30, 20, 12, 25, 23])
1732981115 Build TRM: Running jobs: Job(id=12, name='job.12', resources=2, walltime=420, runtime=375, state=<JobState.RUNNING: 2>, resource_ids=[7, 16])
1732981115 Build TRM: Running jobs: Job(id=7, name='job.7', resources=8, walltime=600, runtime=548, state=<JobState.RUNNING: 2>, resource_ids=[27, 22, 21, 17, 6, 9, 19, 10])
1732981115 Build TRM: Running jobs: Job(id=8, name='job.8', resources=2, walltime=600, runtime=532, state=<JobState.RUNNING: 2>, resource_ids=[0, 2])
1732981115 Build TRM: Running jobs: Job(id=4, name='job.4', resources=1, walltime=900, runtime=729, state=<JobState.RUNNING: 2>, resource_ids=[26])
1732981115 Build TRM: Running jobs: Job(id=5, name='job.5', resources=1, walltime=900, runtime=792, state=<JobState.RUNNING: 2>, resource_ids=[24])
1732981115 Buil TRM: At 1732981115 Available 0.
1732981115 Build TRM: Job 9 ends at 1732981155. Available 4.
1732981115 Build TRM: Job 1 ends at 1732981235. Available 6.
1732981115 Build TRM: Job 3 ends at 1732981245. Available 8.
1732981115 Build TRM: Job 6 ends at 1732981260. Available 10.
1732981115 Build TRM: Job 2 ends at 1732981480. Available 18.
1732981115 Build TRM: Job 12 ends at 1732981530. Available 20.
1732981115 Build TRM: Job 7 ends at 1732981685. Available 28.
1732981115 Build TRM: Job 8 ends at 1732981690. Available 30.
1732981115 Build TRM: Job 4 ends at 1732981970. Available 31.
1732981115 Build TRM: Job 5 ends at 1732981975. Available 32.
1732981115 Leaving scheduling cycle...
1732981115 Cycle took 6.389617919921875e-05 seconds.
1732981120 Queue: 14 with resource requirement of 2 for time 600
1732981120 Entered scheduling cycle...
1732981120 Considering job 10 with resources 4 for 600.
1732981120 Can not schedule
1732981120 Entered backfill..
1732981120 Top job: 10 with resource requirement of 4 for time 600
1732981120 Build TRM: Running jobs: Job(id=9, name='job.9', resources=4, walltime=60, runtime=63, state=<JobState.RUNNING: 2>, resource_ids=[13, 4, 15, 1])
1732981120 Build TRM: Running jobs: Job(id=1, name='job.1', resources=2, walltime=180, runtime=166, state=<JobState.RUNNING: 2>, resource_ids=[3, 18])
1732981120 Build TRM: Running jobs: Job(id=3, name='job.3', resources=2, walltime=180, runtime=152, state=<JobState.RUNNING: 2>, resource_ids=[31, 14])
1732981120 Build TRM: Running jobs: Job(id=6, name='job.6', resources=2, walltime=180, runtime=158, state=<JobState.RUNNING: 2>, resource_ids=[8, 28])
1732981120 Build TRM: Running jobs: Job(id=2, name='job.2', resources=8, walltime=420, runtime=377, state=<JobState.RUNNING: 2>, resource_ids=[29, 11, 5, 30, 20, 12, 25, 23])
1732981120 Build TRM: Running jobs: Job(id=12, name='job.12', resources=2, walltime=420, runtime=375, state=<JobState.RUNNING: 2>, resource_ids=[7, 16])
1732981120 Build TRM: Running jobs: Job(id=7, name='job.7', resources=8, walltime=600, runtime=548, state=<JobState.RUNNING: 2>, resource_ids=[27, 22, 21, 17, 6, 9, 19, 10])
1732981120 Build TRM: Running jobs: Job(id=8, name='job.8', resources=2, walltime=600, runtime=532, state=<JobState.RUNNING: 2>, resource_ids=[0, 2])
1732981120 Build TRM: Running jobs: Job(id=4, name='job.4', resources=1, walltime=900, runtime=729, state=<JobState.RUNNING: 2>, resource_ids=[26])
1732981120 Build TRM: Running jobs: Job(id=5, name='job.5', resources=1, walltime=900, runtime=792, state=<JobState.RUNNING: 2>, resource_ids=[24])
