1641021254,Q,1
1641021254,R,1
1641022430,Q,2
1641022430,R,2
1641023009,Q,3
1641023009,R,3
1641023015,Q,4
1641023015,R,4
1641023029,Q,5
1641023029,R,5
1641025388,E,5
1641026545,E,4
1641030181,E,3
1641032103,E,1
1641033312,Q,6
1641033312,R,6
1641033338,Q,7
1641033338,R,7
1641033350,Q,8
1641033350,R,8
1641035126,E,2
1641054959,E,6
1641054993,E,7
1641055005,E,8
1641064097,Q,9
1641064097,R,9
1641064102,Q,10
1641064102,R,10
1641064115,Q,11
1641064115,R,11
1641065888,Q,12
1641065888,R,12
1641066449,E,9
1641066456,E,10
1641071253,E,11
1641075091,Q,13
1641075091,R,13
1641076284,E,13
1641078987,Q,14
1641078987,R,14
1641083152,Q,15
1641083152,R,15
1641083155,Q,16
1641083155,R,16
1641083169,Q,17
1641083169,R,17
1641083672,Q,18
1641083672,R,18
1641083674,Q,19
1641083674,R,19
1641083678,Q,20
1641083678,R,20
1641085489,E,15
1641085519,E,17
1641085983,E,18
1641086019,E,19
1641086149,Q,21
1641086149,R,21
1641086182,Q,22
1641086182,R,22
1641086184,Q,23
1641086184,R,23
1641086186,Q,24
1641086186,R,24
1641087484,E,12
1641088519,E,24
1641089751,E,22
1641090090,Q,25
1641090090,R,25
1641090304,E,16
1641090312,Q,26
1641090312,R,26
1641090410,Q,27
1641090410,R,27
1641090441,Q,28
1641090441,R,28
1641090469,E,27
1641090642,Q,29
1641090642,R,29
1641090693,Q,30
1641090693,R,30
1641090718,E,29
1641090750,E,30
1641090770,Q,31
1641090770,R,31
1641090844,E,20
1641091484,Q,32
1641091484,R,32
1641091602,E,14
1641091618,E,32
1641092635,Q,33
1641092635,R,33
1641092715,Q,34
1641092715,R,34
1641092717,Q,35
1641092717,R,35
1641092719,Q,36
1641092719,R,36
1641092950,Q,37
1641092950,R,37
1641093361,E,23
1641093433,Q,38
1641093433,R,38
1641093575,Q,39
1641093575,R,39
1641094022,E,33
1641094362,E,26
1641094511,Q,40
1641094511,R,40
1641095079,E,34
1641096243,E,35
1641096290,E,36
1641097744,Q,41
1641097744,R,41
1641099744,E,38
1641100511,E,39
1641100743,Q,42
1641100743,R,42
1641100757,Q,43
1641100757,R,43
1641100765,Q,44
1641100765,R,44
1641101173,E,28
1641101794,Q,45
1641101794,R,45
1641101807,Q,46
1641101807,R,46
1641101810,Q,47
1641101810,R,47
1641101916,E,47
1641102085,Q,48
1641102085,R,48
1641102088,Q,49
1641102088,R,49
1641102102,Q,50
1641102102,R,50
1641102210,E,50
1641103091,E,44
1641103176,E,25
1641104293,E,42
1641104750,E,41
1641104809,Q,51
1641104809,R,51
1641104812,Q,52
1641104812,R,52
1641104815,Q,53
1641104815,R,53
1641105834,Q,54
1641105834,R,54
1641105946,E,37
1641106850,E,40
1641107161,E,52
1641107270,E,31
1641107907,E,43
1641108343,E,51
1641108368,E,53
1641108431,E,21
1641108853,Q,55
1641108853,R,55
1641108856,Q,56
1641108856,R,56
1641108859,Q,57
1641108859,R,57
1641108972,E,57
1641109284,E,49
1641110868,E,46
1641111194,E,56
1641112184,E,45
1641112372,Q,58
1641112372,R,58
1641112374,Q,59
1641112374,R,59
1641112392,Q,60
1641112392,R,60
1641112424,Q,61
1641112424,R,61
1641112432,Q,62
1641112432,R,62
1641112625,E,48
1641114090,Q,63
1641114090,R,63
1641114719,E,59
1641114817,E,60
1641114965,E,63
1641115531,Q,64
1641115531,R,64
1641116001,E,55
1641116020,E,58
1641116678,E,54
1641116758,Q,65
1641116758,R,65
1641118444,Q,66
1641118444,R,66
1641118446,Q,67
1641118446,R,67
1641118449,Q,68
1641118449,R,68
1641120811,E,66
1641121250,Q,69
1641121250,R,69
1641121353,Q,70
1641121353,R,70
1641121380,Q,71
1641121380,R,71
1641121402,Q,72
1641121402,R,72
1641121647,E,65
1641121998,E,67
1641122648,Q,73
1641122648,R,73
1641123376,Q,74
1641123376,R,74
1641123453,Q,75
1641123453,R,75
1641123514,Q,76
1641123514,R,76
1641123897,Q,77
1641123897,R,77
1641124438,Q,78
1641124438,R,78
1641124545,E,78
1641124710,E,70
1641125583,E,68
1641127859,E,74
1641128264,E,64
1641129823,Q,79
1641129823,R,79
1641129930,E,79
1641131086,E,76
1641132016,Q,80
1641132016,R,80
1641132018,Q,81
1641132018,R,81
1641132021,Q,82
1641132021,R,82
1641133416,E,69
1641133521,E,73
1641134119,E,61
1641134348,E,81
1641134360,E,80
1641134526,Q,83
1641134526,R,83
1641134536,Q,84
1641134536,R,84
1641134539,Q,85
1641134539,R,85
1641134614,Q,86
1641134614,R,86
1641134649,E,86
1641134733,E,77
1641134854,Q,87
1641134854,R,87
1641134889,E,87
1641134980,Q,88
1641134980,R,88
1641135462,E,62
1641136857,E,83
1641136902,E,85
1641137892,E,75
1641138070,E,84
1641139073,Q,89
1641139073,R,89
1641139083,Q,90
1641139083,R,90
1641139086,Q,91
1641139086,R,91
1641139190,E,82
1641139727,E,88
1641141407,E,91
1641142598,Q,92
1641142598,R,92
1641142610,Q,93
1641142610,R,93
1641142613,Q,94
1641142613,R,94
1641142637,E,90
1641143007,E,71
1641143026,E,72
1641144944,E,92
1641144973,E,93
1641145119,Q,95
1641145119,R,95
1641145129,Q,96
1641145129,R,96
1641145131,Q,97
1641145131,R,97
1641145545,Q,98
1641145545,R,98
1641146152,E,94
1641146198,E,89
1641146644,Q,99
1641146644,R,99
1641146649,Q,100
1641146649,R,100
1641146653,Q,101
1641146653,R,101
1641147442,E,95
1641147500,E,97
1641149008,E,101
1641149071,E,99
1641150174,E,100
1641150682,Q,102
1641150682,R,102
1641150685,Q,103
1641150685,R,103
1641150687,Q,104
1641150687,R,104
1641152351,E,96
1641153019,E,102
1641154225,E,104
1641154245,E,103
1641155929,Q,105
1641155929,R,105
1641155985,Q,106
1641155985,R,106
1641156049,E,105
1641156418,E,98
1641156443,Q,107
1641156443,R,107
1641156682,Q,108
1641156682,R,108
1641156715,Q,109
1641156715,R,109
1641156735,Q,110
1641156735,R,110
1641156756,Q,111
1641156756,R,111
1641156799,Q,112
1641156799,R,112
1641157308,Q,113
1641157308,R,113
1641157347,Q,114
1641157347,R,114
1641157362,Q,115
1641157362,R,115
1641157378,Q,116
1641157378,R,116
1641157386,Q,117
1641157386,R,117
1641157399,Q,118
1641157399,R,118
1641157417,E,115
1641157437,Q,119
1641157437,R,119
1641157444,Q,120
1641157444,R,120
1641157456,Q,121
1641157456,R,121
1641157463,Q,122
1641157463,R,122
1641157474,Q,123
1641157474,R,123
1641157876,E,111
1641157880,E,109
1641157907,Q,124
1641157907,R,124
1641157928,E,108
1641157954,E,110
1641158195,Q,125
1641158195,R,125
1641158205,Q,126
1641158205,R,126
1641158208,Q,127
1641158208,R,127
1641158210,Q,128
1641158210,R,128
1641158246,Q,129
1641158921,E,107
1641159091,Q,130
1641159412,Q,131
1641159802,Q,132
1641160567,E,126
1641160567,R,129
1641161750,E,128
1641161750,R,130
1641161887,E,113
1641161892,Q,133
1641162010,Q,134
1641162044,Q,135
1641162065,Q,136
1641162103,Q,137
1641164250,Q,138
1641164270,Q,139
1641164275,Q,140
1641164288,Q,141
1641164294,Q,142
1641165425,E,127
1641165428,E,125
1641165987,Q,143
1641167223,E,114
1641167237,Q,144
1641167239,Q,145
1641167242,Q,146
1641167298,E,116
1641167298,R,131
1641167311,E,122
1641167344,E,117
1641167361,E,123
1641167412,E,121
1641167518,E,119
1641167518,R,132
1641167573,E,118
1641167573,R,137
1641168045,E,120
1641168045,R,145
1641168045,R,146
1641170169,E,106
1641170169,R,134
1641170283,Q,147
1641170329,Q,148
1641170380,Q,149
1641170389,E,145
1641171576,E,146
1641172484,Q,150
1641172773,Q,151
1641172775,Q,152
1641172778,Q,153
1641172869,E,129
1641172869,R,133
1641176599,Q,154
1641177248,E,133
1641177248,R,135
1641177248,R,136
1641177248,R,138
1641177248,R,139
1641178022,Q,155
1641178379,E,112
1641178379,R,140
1641178379,R,141
1641178424,E,137
1641178424,R,142
1641178441,Q,156
1641178443,Q,157
1641178460,Q,158
1641178478,Q,159
1641179556,Q,160
1641179564,Q,161
1641179576,Q,162
1641179581,Q,163
1641179597,Q,164
1641179607,Q,165
1641179615,Q,166
1641179621,Q,167
1641179625,Q,168
1641179633,Q,169
1641179653,Q,170
1641180756,E,124
1641180756,R,143
1641180756,R,144
1641180756,R,151
1641180756,R,152
1641180806,Q,178
1641180806,Q,177
1641180806,Q,176
1641180806,Q,175
1641180806,Q,174
1641180806,Q,173
1641180806,Q,172
1641180806,Q,171
1641180807,Q,179
1641183368,E,130
1641183368,R,153
1641183368,R,154
1641183853,Q,180
1641184297,E,151
1641184297,R,156
1641185043,Q,181
1641185045,Q,182
1641185047,Q,183
1641185292,E,143
1641185292,R,157
1641185728,E,153
1641185728,R,178
1641186583,E,178
1641186678,E,156
1641186750,Q,184
1641187643,E,157
1641187740,E,131
1641187740,R,147
1641187899,E,144
1641187979,E,152
1641187979,R,148
1641188059,E,138
1641188059,R,158
1641188947,Q,190
1641188947,Q,189
1641188947,Q,188
1641188947,Q,187
1641188947,Q,186
1641188947,Q,185
1641188951,Q,197
1641188951,Q,196
1641188951,Q,195
1641188951,Q,194
1641188951,Q,193
1641188951,Q,192
1641188951,Q,191
1641188952,Q,199
1641188952,Q,198
1641189107,Q,200
1641189112,Q,201
1641189115,Q,202
1641189226,E,140
1641189226,R,159
1641189230,E,141
1641189230,R,177
1641189257,E,142
1641189257,R,160
1641189479,E,139
1641189479,R,161
1641189973,E,177
1641191619,E,158
1641191628,E,159
1641191788,E,134
1641191788,R,149
1641191847,E,149
1641191847,R,176
1641191847,R,175
1641191847,R,174
1641191847,R,173
1641191847,R,172
1641192611,E,176
1641192611,R,171
1641192648,E,175
1641192648,R,179
1641192708,E,174
1641192708,R,181
1641192721,E,172
1641192721,R,183
1641192878,E,173
1641192878,R,190
1641193389,E,171
1641193389,R,189
1641193486,E,179
1641193486,R,188
1641193841,Q,203
1641194209,E,154
1641194209,R,187
1641194783,E,190
1641194783,R,186
1641195132,E,183
1641195132,R,185
1641195144,E,148
1641195161,E,181
1641195230,E,189
1641195230,R,150
1641195412,Q,204
1641195847,E,188
1641195940,E,186
1641195940,R,155
1641195953,E,187
1641195953,R,162
1641196033,E,155
1641196033,R,163
1641196033,R,164
1641196953,E,185
1641196953,R,184
1641198169,E,147
1641198169,R,165
1641198169,R,166
1641198169,R,167
1641198169,R,168
1641198896,E,135
1641198896,R,169
1641198896,R,170
1641198900,E,136
1641198918,Q,205
1641199175,Q,206
1641199581,Q,207
1641200184,E,160
1641200312,E,161
1641200312,R,180
1641200328,Q,208
1641201911,Q,209
1641202752,Q,210
1641204668,Q,211
1641206824,E,162
1641206829,E,163
1641206835,E,164
1641207845,E,184
1641207845,R,182
1641207960,E,182
1641207960,R,197
1641207960,R,196
1641207960,R,195
1641207960,R,194
1641208692,Q,212
1641208953,E,168
1641208953,R,193
1641208953,R,192
1641208954,E,165
1641208954,R,191
1641208972,E,166
1641208972,R,199
1641209010,E,167
1641209010,R,198
1641209492,E,197
1641209492,R,203
1641209678,E,169
1641209735,E,170
1641209735,R,200
1641209757,E,194
1641209757,R,204
1641209866,E,196
1641209866,R,205
1641210322,E,198
1641210322,R,207
1641210615,E,204
1641210615,R,208
1641210617,E,192
1641210663,E,191
1641210663,R,201
1641210725,E,205
1641210748,E,199
1641210748,R,202
1641210872,E,193
1641211124,Q,213
1641211125,E,207
1641211125,R,206
1641211189,E,195
1641211189,R,209
1641211862,Q,214
1641212079,E,200
1641212079,R,210
1641212145,Q,215
1641212178,E,132
1641212178,R,211
1641212178,R,212
1641212178,R,213
1641212178,R,214
1641213157,E,202
1641214241,E,209
1641214246,Q,216
1641214989,Q,217
1641214996,Q,218
1641215013,Q,219
1641217833,E,201
1641218689,Q,220
1641218691,Q,221
1641218693,Q,222
1641218693,R,222
1641220383,E,203
1641221083,E,222
1641221329,E,208
1641221329,R,215
1641223071,E,211
1641223071,E,212
1641223071,R,220
1641223071,R,221
1641223081,E,214
1641223121,E,213
1641223679,E,215
1641223679,R,216
1641223679,R,217
1641223679,R,218
1641224190,Q,223
1641224190,R,223
1641224367,E,223
1641226687,E,221
1641226687,R,219
1641230050,E,219
1641230273,E,220
1641230614,E,180
1641230809,Q,224
1641230809,R,224
1641232714,Q,225
1641232714,R,225
1641232829,E,206
1641232912,E,225
1641233804,E,210
1641234260,Q,226
1641234260,R,226
1641234263,Q,227
1641234263,R,227
1641234265,Q,228
1641234265,R,228
1641234278,Q,229
1641234278,R,229
1641235683,E,216
1641236639,E,226
1641236689,E,228
1641237845,E,227
1641240091,Q,230
1641240091,Q,231
1641240091,R,230
1641240091,R,231
1641240175,Q,232
1641240175,R,232
1641240248,E,230
1641240283,E,231
1641241460,E,229
1641242185,Q,233
1641242185,R,233
1641242236,E,233
1641242714,E,232
1641243822,Q,234
1641243822,R,234
1641243836,Q,235
1641243836,R,235
1641243838,Q,236
1641243838,R,236
1641244958,Q,237
1641244958,R,237
1641246204,E,235
1641246706,E,217
1641246728,E,218
1641246845,Q,238
1641246845,R,238
1641246847,Q,239
1641246847,R,239
1641246848,Q,240
1641246848,R,240
1641247019,Q,241
1641247574,E,236
1641247627,Q,242
1641248255,Q,243
1641248368,Q,244
1641248639,E,237
1641248639,R,241
1641248639,R,242
1641248639,R,243
1641248639,R,244
1641248835,Q,245
1641248835,R,245
1641248839,Q,246
1641249014,Q,247
1641249190,Q,248
1641249192,E,240
1641249192,R,246
1641249267,Q,249
1641249267,R,249
1641250873,E,249
1641251015,E,234
1641251107,Q,250
1641251898,E,243
1641253385,Q,251
1641253385,R,251
1641253388,Q,252
1641253388,R,252
1641253391,Q,253
1641253391,R,253
1641253706,E,224
1641253724,Q,254
1641254009,E,239
1641254035,E,238
1641255809,E,251
1641255856,E,253
1641255856,R,247
1641255962,Q,255
1641256013,E,247
1641256013,R,248
1641256013,R,254
1641256373,Q,256
1641256373,R,256
1641256651,Q,257
1641256651,R,257
1641256971,E,252
1641257588,E,257
1641257922,Q,258
1641257922,R,258
1641258562,E,258
1641259080,Q,259
1641259080,R,259
1641259819,E,254
1641260426,Q,260
1641260426,R,260
1641260429,Q,261
1641260429,R,261
1641260432,Q,262
1641260432,R,262
1641260434,Q,263
1641261229,Q,264
1641261769,Q,265
1641262522,Q,266
1641262812,E,261
1641262812,R,263
1641262818,E,262
1641262818,R,264
1641262946,Q,267
1641262949,Q,268
1641262952,Q,269
1641262954,Q,270
1641263013,Q,271
1641263972,E,264
1641263972,R,266
1641264366,E,266
1641264366,R,267
1641264613,Q,272
1641264995,Q,273
1641265617,Q,274
1641266239,Q,278
1641266239,Q,277
1641266239,Q,276
1641266239,Q,275
1641266647,Q,279
1641266686,E,267
1641266686,R,268
1641267586,E,260
1641267586,R,273
1641267942,E,273
1641267942,R,274
1641267980,E,274
1641267980,R,278
1641268881,E,278
1641269036,E,268
1641269235,E,248
1641269437,Q,280
1641269463,Q,281
1641269484,Q,282
1641269516,Q,283
1641269965,E,259
1641269965,R,250
1641269982,Q,284
1641269983,E,263
1641269992,Q,285
1641269995,Q,286
1641270035,Q,287
1641270227,E,242
1641270318,E,244
1641270367,E,245
1641270367,R,255
1641270559,Q,289
1641270559,Q,288
1641270761,Q,290
1641270844,E,246
1641270844,R,277
1641270844,R,276
1641272458,E,277
1641272458,R,275
1641272486,Q,291
1641272590,E,276
1641272590,R,279
1641272628,E,279
1641272628,R,286
1641272705,Q,292
1641273856,Q,293
1641274278,E,275
1641274278,R,287
1641276002,E,241
1641276002,R,265
1641276154,E,287
1641276154,R,269
1641276167,Q,294
1641276203,E,286
1641276203,R,270
1641277815,Q,295
1641277913,Q,296
1641277973,Q,297
1641278072,E,256
1641278072,R,280
1641278072,R,281
1641278086,Q,298
1641278609,Q,299
1641279303,Q,300
1641279504,E,281
1641279504,R,282
1641280544,E,280
1641280544,R,283
1641281750,E,150
1641281750,R,271
1641281750,R,272
1641282104,Q,301
1641282252,E,282
1641282559,Q,302
1641283029,E,283
1641283029,R,284
1641283315,E,269
1641283315,R,285
1641283341,Q,303
1641283352,E,270
1641283352,R,289
1641284277,E,289
1641284277,R,288
1641284867,Q,304
1641285133,E,288
1641285133,R,290
1641285546,E,290
1641285546,R,291
1641286526,Q,305
1641286530,Q,306
1641286533,Q,307
1641287519,Q,308
1641288018,Q,309
1641288098,Q,310
1641289405,Q,311
1641289736,Q,312
1641290169,E,284
1641290169,R,292
1641290249,E,292
1641290249,R,293
1641290249,R,294
1641290465,E,285
1641290465,R,302
1641290603,E,302
1641290603,R,303
1641290972,E,303
1641290972,R,304
1641291378,E,304
1641291378,R,305
1641292027,E,293
1641292027,R,306
1641293076,Q,313
1641294380,E,306
1641294380,R,308
1641294474,E,291
1641294925,E,305
1641295413,E,308
1641295413,R,295
1641301100,E,294
1641301100,R,300
1641301198,Q,314
1641302692,Q,315
1641303381,E,272
1641303381,R,296
1641303381,R,307
1641304088,E,265
1641304088,R,297
1641304088,R,309
1641304787,E,271
1641304787,R,298
1641304787,R,310
1641305727,E,307
1641306258,E,295
1641306258,R,299
1641306669,E,310
1641306669,R,313
1641307064,E,313
1641307064,R,314
1641308108,E,314
1641308246,E,300
1641310625,Q,316
1641310625,R,316
1641311564,Q,317
1641311567,Q,318
1641311569,Q,319
1641311580,Q,320
1641311722,E,297
1641312006,E,298
1641312006,R,317
1641312006,R,318
1641312006,R,319
1641313329,E,250
1641313329,R,301
1641314203,E,296
1641314341,E,319
1641314929,E,309
1641314929,R,320
1641315083,E,320
1641319146,E,317
1641319146,R,312
1641319177,E,318
1641319222,E,312
1641322602,Q,321
1641322602,R,321
1641322604,Q,322
1641322604,R,322
1641322606,Q,323
1641322606,R,323
1641324943,E,321
1641325562,Q,324
1641325614,Q,325
1641325617,Q,326
1641325619,Q,327
1641326501,Q,328
1641328801,Q,329
1641328805,Q,330
1641328818,Q,331
1641329752,E,323
1641329756,E,322
1641330532,Q,332
1641330636,Q,333
1641330640,Q,334
1641330652,Q,335
1641331893,Q,336
1641331897,Q,337
1641331910,Q,338
1641332320,E,316
1641332320,R,311
1641335188,Q,339
1641337171,Q,340
1641337173,Q,341
1641337175,Q,342
1641337294,Q,343
1641337808,Q,344
1641339791,Q,345
1641339809,Q,346
1641339826,Q,347
1641339830,Q,348
1641340230,Q,349
1641342138,Q,350
1641342276,Q,351
1641342823,Q,352
1641345231,Q,353
1641345299,Q,354
1641347292,Q,355
1641348644,Q,356
1641349271,Q,361
1641349271,Q,360
1641349271,Q,358
1641349271,Q,357
1641349271,Q,359
1641349637,Q,366
1641349637,Q,365
1641349637,Q,364
1641349637,Q,363
1641349637,Q,362
1641350205,Q,367
1641350205,Q,368
1641350205,Q,369
1641353919,Q,370
1641355915,Q,371
1641356399,E,255
1641356399,R,324
1641356399,R,326
1641356399,R,333
1641356925,Q,372
1641358642,Q,373
1641359825,Q,374
1641359948,E,333
1641359948,R,334
1641362754,Q,375
1641363562,E,326
1641363562,R,335
1641365895,E,335
1641365895,R,339
1641366082,E,324
1641366082,R,325
1641366082,R,340
1641366190,E,325
1641366190,R,327
1641366190,R,329
1641367117,E,334
1641367117,R,341
1641367440,Q,376
1641369989,Q,377
1641370369,Q,378
1641370394,Q,379
1641370487,Q,380
1641370492,Q,381
1641370625,Q,382
1641370723,E,341
1641370723,R,342
1641371362,Q,383
1641371366,Q,384
1641371369,Q,385
1641371403,Q,386
1641373338,E,327
1641373338,R,330
1641373342,E,340
1641373342,R,344
1641373367,Q,387
1641373406,Q,388
1641373425,Q,389
1641373430,Q,390
1641373444,Q,391
1641373483,Q,392
1641373506,Q,393
1641373511,Q,394
1641373621,Q,395
1641374023,E,344
1641374023,R,345
1641375634,E,342
1641375634,R,349
1641376485,E,349
1641376748,E,339
1641377601,Q,396
1641378303,E,299
1641378303,R,315
1641379293,Q,397
1641379312,Q,398
1641379317,Q,399
1641381233,Q,400
1641381235,Q,401
1641381238,Q,402
1641383706,E,315
1641383706,R,328
1641383706,R,331
1641383706,R,332
1641384125,Q,403
1641384584,Q,404
1641384731,Q,405
1641384742,Q,406
1641384883,E,345
1641384883,R,346
1641387802,E,329
1641387802,R,336
1641395143,E,346
1641395143,R,347
1641396248,E,330
1641396248,R,337
1641399839,E,301
1641399839,R,338
1641399839,R,343
1641399839,R,348
1641399839,R,350
1641399839,R,353
1641399839,R,354
1641399839,R,355
1641399839,R,351
1641399839,R,352
1641399912,E,355
1641400383,E,352
1641400537,E,353
1641400539,E,354
1641400683,E,350
1641400683,R,356
1641403195,E,343
1641403195,R,361
1641403195,R,360
1641403367,E,351
1641403367,R,358
1641403824,E,360
1641403824,R,357
1641403836,E,361
1641403836,R,359
1641404011,E,358
1641404011,R,366
1641404516,E,359
1641404516,R,365
1641404531,E,357
1641404531,R,364
1641404736,E,366
1641404736,R,363
1641405223,E,364
1641405223,R,362
1641405240,E,365
1641405240,R,367
1641405276,E,331
1641405276,R,368
1641405276,R,369
1641405424,E,363
1641405424,R,374
1641405466,E,374
1641405466,R,376
1641405756,E,376
1641405756,R,377
1641405881,E,369
1641405881,R,400
1641405939,E,362
1641405942,E,368
1641406046,E,367
1641406046,R,396
1641406057,E,347
1641406068,E,377
1641406152,E,328
1641406799,E,396
1641406799,R,370
1641407934,E,356
1641407934,R,371
1641407934,R,372
1641407934,R,373
1641408262,E,400
1641408262,R,375
1641408393,E,375
1641408393,R,378
1641409119,E,373
1641409119,R,379
1641409119,R,380
1641409474,E,336
1641409474,R,381
1641410717,E,348
1641410717,R,382
1641410751,Q,407
1641411392,E,332
1641411392,R,383
1641411392,R,384
1641411392,R,385
1641411392,R,386
1641412775,Q,408
1641412778,Q,409
1641412790,Q,410
1641413532,E,386
1641413532,R,387
1641413573,E,379
1641413573,R,388
1641413579,E,384
1641413579,R,389
1641413587,E,383
1641413587,R,390
1641413607,E,385
1641413607,R,391
1641413738,E,380
1641413738,R,392
1641414194,E,381
1641414194,R,393
1641414325,E,378
1641414325,R,394
1641414716,E,387
1641414716,R,395
1641414771,E,391
1641414771,R,401
1641414799,E,389
1641414799,R,402
1641414910,E,390
1641414910,R,404
1641414956,E,388
1641414956,R,405
1641415132,E,382
1641415132,R,397
1641415800,E,392
1641415800,R,406
1641416316,E,393
1641416316,R,408
1641416523,E,394
1641416523,R,409
1641416634,Q,411
1641416700,E,395
1641416700,R,410
1641417131,E,311
1641417131,R,398
1641417131,R,399
1641417331,Q,412
1641417901,E,337
1641418139,E,372
1641418139,R,403
1641418646,E,408
1641419055,Q,413
1641419505,Q,414
1641419505,R,414
1641419758,Q,415
1641420249,E,410
1641420626,Q,416
1641420668,Q,417
1641421098,Q,418
1641421357,Q,419
1641421494,E,338
1641421494,R,407
1641421916,E,401
1641421916,R,416
1641421938,E,402
1641421938,R,417
1641421990,E,414
1641422261,E,416
1641422270,E,417
1641422700,Q,420
1641423228,Q,421
1641423648,E,409
1641423648,R,411
1641425004,Q,422
1641425024,Q,423
1641425102,Q,424
1641425105,Q,425
1641425109,Q,426
1641425121,Q,427
1641425276,E,371
1641425276,R,415
1641425276,R,418
1641425354,E,415
1641425354,R,420
1641425453,Q,428
1641425469,Q,429
1641425475,Q,430
1641425627,E,418
1641425627,R,421
1641425746,E,404
1641425746,R,422
1641425783,E,405
1641425783,R,423
1641425879,E,421
1641425879,R,424
1641426153,E,370
1641426153,R,412
1641426323,Q,431
1641426326,Q,432
1641426327,Q,433
1641426524,Q,434
1641426638,E,406
1641426638,R,431
1641426814,Q,435
1641429001,E,431
1641429001,R,432
1641429270,E,424
1641429270,R,433
1641429313,E,422
1641429490,E,423
1641430788,Q,436
1641431596,E,433
1641431596,R,413
1641431629,Q,437
1641432550,E,432
1641432550,R,437
1641432590,E,437
1641432602,Q,438
1641432602,R,438
1641432670,Q,439
1641433460,E,438
1641433460,R,439
1641434318,E,439
1641435877,E,420
1641436783,E,397
1641438782,E,398
1641438782,E,399
1641438782,R,425
1641438782,R,426
1641438782,R,427
1641438782,R,428
1641438782,R,429
1641438782,R,430
1641438782,R,434
1641439078,E,434
1641439078,R,435
1641439234,E,428
1641439234,R,436
1641440455,Q,440
1641441738,E,426
1641441825,E,427
1641442088,E,425
1641442475,E,430
1641442616,E,429
1641443393,Q,441
1641443393,R,441
1641443433,Q,442
1641443777,Q,443
1641443777,R,443
1641443799,E,443
1641444007,E,413
1641444101,E,441
1641444101,R,419
1641447709,E,412
1641449937,E,435
1641450071,Q,444
1641450071,R,444
1641450739,Q,445
1641450739,R,445
1641450816,E,445
1641451710,Q,446
1641451710,R,446
1641451770,E,446
1641452213,Q,447
1641452213,R,447
1641453920,E,407
1641453920,R,440
1641455788,Q,448
1641456027,E,411
1641456948,Q,449
1641458838,Q,450
1641459050,E,436
1641460343,Q,451
1641460867,Q,452
1641460918,E,444
1641460918,R,442
1641462810,Q,453
1641463084,E,447
1641463084,R,448
1641467495,E,440
1641467495,R,449
1641467495,R,450
1641467495,R,451
1641467495,R,452
1641467495,R,453
1641467575,E,449
1641469008,E,452
1641469775,Q,454
1641469775,R,454
1641469785,Q,455
1641470225,Q,456
1641470293,E,451
1641470557,E,450
1641471743,Q,457
1641471843,Q,458
1641473728,Q,459
1641473976,E,448
1641473976,R,455
1641474675,E,455
1641474675,R,456
1641476454,Q,460
1641478364,E,453
1641478364,R,458
1641482600,E,442
1641482600,R,457
1641482600,R,459
1641482600,R,460
1641485499,E,457
1641487646,E,460
1641489185,E,458
1641490743,E,454
1641492766,Q,461
1641492766,R,461
1641493443,E,459
1641495610,Q,462
1641495610,R,462
1641495822,E,456
1641496896,Q,463
1641496896,R,463
1641500588,E,463
1641500760,E,419
1641501695,Q,464
1641501695,R,464
1641503247,Q,465
1641503247,R,465
1641504071,E,403
1641505091,Q,466
1641505091,R,466
1641505343,E,464
1641505763,Q,467
1641505763,R,467
1641506064,Q,468
1641506064,R,468
1641506190,Q,469
1641506190,R,469
1641506595,E,468
1641506872,Q,470
1641506872,R,470
1641507144,Q,471
1641507144,R,471
1641507983,Q,472
1641507983,R,472
1641508334,Q,473
1641509014,E,471
1641509630,Q,474
1641510126,Q,475
1641510126,R,475
1641510128,Q,476
1641510128,R,476
1641510132,Q,477
1641510132,R,477
1641510135,Q,478
1641510146,Q,479
1641510146,R,479
1641510148,Q,480
1641510152,Q,481
1641510175,Q,482
1641510178,Q,483
1641510180,Q,484
1641510182,Q,485
1641510193,Q,486
1641510235,E,470
1641510235,R,480
1641510235,R,482
1641510754,Q,487
1641512470,E,476
1641512515,E,477
1641512596,E,480
1641512597,E,482
1641513332,E,469
1641513332,R,474
1641513388,E,474
1641513388,R,481
1641513675,E,475
1641513675,R,473
1641513712,E,479
1641513712,R,483
1641514629,Q,488
1641514709,Q,489
1641514712,Q,490
1641514715,Q,491
1641515223,Q,493
1641515223,Q,494
1641515223,Q,492
1641515560,Q,495
1641515582,Q,496
1641515589,Q,497
1641516056,E,483
1641516640,E,467
1641516640,R,478
1641516640,R,484
1641516640,R,485
1641516824,E,461
1641516824,R,486
1641516824,R,487
1641516824,R,493
1641516824,R,494
1641516946,E,481
1641516946,R,492
1641517012,E,465
1641517474,E,493
1641517505,E,494
1641517583,E,492
1641517583,R,488
1641518228,Q,498
1641518230,Q,499
1641518565,Q,500
1641518983,E,484
1641518983,R,489
1641519161,Q,501
1641520176,E,485
1641520176,R,490
1641520196,E,478
1641520196,R,491
1641520296,Q,502
1641520344,E,486
1641520344,R,495
1641520344,R,496
1641520537,Q,503
1641520715,Q,504
1641520721,Q,505
1641520734,Q,507
1641520734,Q,506
1641520737,Q,508
1641520739,Q,509
1641521114,E,495
1641521114,R,497
1641521322,E,489
1641521322,R,498
1641521581,E,497
1641521581,R,499
1641521897,E,496
1641521897,R,501
1641522662,E,501
1641522662,R,504
1641522742,Q,510
1641522745,Q,511
1641522968,E,504
1641522968,R,505
1641523249,Q,512
1641523251,Q,513
1641523359,E,505
1641523359,R,506
1641523639,Q,514
1641523658,E,498
1641523691,E,490
1641523691,E,506
1641523691,R,508
1641523752,E,491
1641523752,R,500
1641523810,E,500
1641523810,R,502
1641523810,R,511
1641523943,E,499
1641523943,R,512
1641524254,Q,515
1641524264,Q,516
1641524267,Q,517
1641524547,Q,518
1641525301,Q,519
1641525303,Q,520
1641525770,Q,521
1641525772,Q,522
1641525775,Q,523
1641525777,Q,524
1641525779,Q,525
1641526126,Q,526
1641526149,E,511
1641526149,R,516
1641526242,Q,527
1641526243,E,462
1641526243,R,507
1641526243,R,509
1641526269,Q,528
1641526285,E,512
1641526285,R,517
1641526318,E,509
1641526318,R,510
1641526400,E,510
1641526400,R,513
1641526456,E,513
1641526456,R,515
1641526493,E,515
1641526493,R,518
1641526493,R,519
1641526731,Q,529
1641526734,Q,530
1641527071,E,487
1641527071,R,520
1641527132,E,488
1641527132,R,514
1641527132,R,521
1641527132,R,522
1641527176,E,522
1641527176,R,523
1641527224,E,508
1641527224,R,524
1641527236,E,523
1641527236,R,525
1641527282,Q,531
1641527284,Q,532
1641527287,Q,533
1641527306,E,524
1641527306,R,529
1641527312,E,525
1641527312,R,533
1641527324,Q,534
1641527326,Q,535
1641527371,E,533
1641527679,Q,536
1641527681,Q,537
1641527800,Q,538
1641528290,Q,539
1641528293,Q,540
1641528293,R,540
1641528295,Q,541
1641528307,Q,542
1641528352,E,540
1641528352,R,542
1641528354,E,507
1641528354,R,531
1641528391,E,531
1641528391,R,532
1641528434,E,542
1641528490,E,516
1641528490,R,539
1641528626,E,517
1641528827,E,514
1641528827,R,530
1641528827,R,534
1641528827,R,535
1641529633,E,472
1641529633,R,541
1641529689,E,541
1641530315,Q,543
1641530315,R,543
1641530317,Q,544
1641530317,R,544
1641530319,Q,545
1641530321,Q,546
1641530355,E,544
1641530355,R,545
1641530374,E,543
1641530374,R,546
1641530434,E,545
1641530448,E,546
1641530588,Q,547
1641530590,Q,548
1641530592,Q,549
1641530692,E,521
1641530824,Q,550
1641530824,R,550
1641530826,Q,551
1641530826,R,551
1641530840,Q,552
1641530840,R,552
1641530842,Q,553
1641530846,Q,554
1641530878,E,552
1641530878,R,553
1641530880,E,550
1641530909,E,551
1641530909,R,554
1641530956,E,553
1641530967,E,554
1641531353,Q,555
1641531353,R,555
1641531355,Q,556
1641531355,R,556
1641531356,Q,557
1641531356,R,557
1641531357,Q,558
1641531359,Q,559
1641531361,Q,560
1641531363,Q,561
1641531393,E,557
1641531393,R,559
1641531411,E,556
1641531411,R,560
1641531431,E,559
1641531450,E,555
1641531450,R,558
1641531467,E,560
1641531467,R,561
1641531504,E,561
1641531562,E,558
1641531664,Q,562
1641531664,R,562
1641531865,Q,563
1641531865,R,563
1641531867,Q,564
1641531869,Q,565
1641531903,E,563
1641531930,E,532
1641532055,E,539
1641532127,E,562
1641532191,Q,566
1641532931,Q,567
1641534397,E,535
1641534397,R,536
1641534447,Q,568
1641534449,Q,569
1641534452,Q,570
1641535191,Q,571
1641535272,E,473
1641535272,R,503
1641535307,Q,572
1641535327,Q,573
1641535332,Q,574
1641535524,E,518
1641536284,Q,575
1641536284,R,575
1641536572,E,575
1641536851,E,519
1641537535,E,520
1641537739,E,529
1641537739,R,526
1641539222,E,534
1641539222,R,537
1641539262,E,530
1641539262,R,547
1641541896,Q,576
1641541899,Q,577
1641541901,Q,578
1641542720,Q,579
1641542757,Q,580
1641542904,Q,581
1641542912,Q,582
1641542914,Q,583
1641543926,Q,584
1641543927,Q,585
1641543929,Q,586
1641544319,Q,587
1641544869,E,536
1641544869,R,548
1641544936,Q,588
1641544938,Q,589
1641544940,Q,590
1641544942,Q,591
1641544943,Q,594
1641544943,Q,593
1641544943,Q,592
1641545945,Q,595
1641545954,Q,596
1641545956,Q,597
1641546544,E,502
1641546544,R,527
1641546968,Q,598
1641546968,Q,599
1641546970,Q,600
1641546972,Q,601
1641546972,Q,602
1641546976,Q,603
1641547979,Q,604
1641547981,Q,605
1641547983,Q,606
1641549584,E,547
1641549584,R,549
1641549752,E,537
1641549752,R,565
1641549780,Q,607
1641549788,E,565
1641549788,R,568
1641549833,Q,608
1641550491,Q,609
1641550493,Q,610
1641550495,Q,611
1641550498,Q,612
1641550500,Q,613
1641550511,Q,614
1641551022,Q,615
1641551025,Q,616
1641551027,Q,617
1641551537,Q,618
1641551539,Q,619
1641551541,Q,620
1641551543,Q,621
1641551555,Q,622
1641551557,Q,623
1641552070,Q,624
1641552072,Q,625
1641552074,Q,626
1641552585,Q,627
1641552587,Q,628
1641552589,Q,629
1641553592,Q,630
1641553611,Q,631
1641553613,Q,632
1641553615,Q,633
1641553617,Q,634
1641553619,Q,635
1641553630,Q,636
1641553632,Q,637
1641553634,Q,638
1641554141,Q,639
1641554143,Q,640
1641554145,Q,641
1641554147,Q,642
1641554331,Q,643
1641554650,Q,644
1641554662,Q,645
1641554664,Q,646
1641554666,Q,647
1641554668,Q,648
1641554670,Q,649
1641554683,Q,650
1641555388,Q,651
1641555390,Q,652
1641555392,Q,653
1641555394,Q,654
1641555396,Q,655
1641555469,E,548
1641555469,R,569
1641555565,Q,656
1641555668,Q,657
1641557148,E,549
1641557148,R,570
1641557207,E,570
1641557207,R,571
1641559501,E,527
1641559501,R,572
1641559501,R,577
1641559501,R,578
1641559501,R,583
1641559536,E,577
1641559536,R,585
1641559540,E,583
1641559540,R,586
1641559557,E,578
1641559557,R,588
1641559574,E,585
1641559574,R,591
1641559593,E,588
1641559593,R,594
1641559596,E,586
1641559596,R,593
1641559631,E,591
1641559631,R,592
1641560121,E,568
1641560121,R,600
1641560243,E,593
1641560243,R,605
1641560254,E,600
1641560254,R,611
1641560261,E,594
1641560261,R,613
1641560326,E,592
1641560326,R,619
1641560333,E,613
1641560333,R,621
1641560346,E,611
1641560346,R,622
1641560352,E,605
1641560352,R,625
1641560424,E,619
1641560424,R,627
1641560458,E,622
1641560458,R,630
1641560468,E,625
1641560468,R,632
1641560509,E,621
1641560509,R,635
1641560534,E,627
1641560534,R,638
1641560581,E,632
1641560599,E,635
1641560606,E,630
1641560745,E,638
1641562825,E,569
1641562825,R,573
1641562963,E,526
1641562963,R,528
1641566366,E,571
1641566366,R,574
1641567916,Q,658
1641567918,Q,659
1641567921,Q,660
1641568419,E,572
1641568419,R,576
1641568424,Q,661
1641568426,Q,662
1641568436,Q,663
1641568457,E,576
1641568457,R,579
1641568945,Q,664
1641568947,Q,665
1641568949,Q,666
1641568954,Q,667
1641568966,Q,668
1641569469,Q,669
1641569471,Q,670
1641569474,Q,671
1641569977,Q,672
1641569978,Q,673
1641569981,Q,674
1641569992,Q,675
1641569994,Q,676
1641569997,Q,677
1641570500,Q,678
1641570502,Q,679
1641570504,Q,680
1641570506,Q,681
1641571009,Q,682
1641571019,Q,683
1641571021,Q,684
1641571026,Q,685
1641571028,Q,686
1641571039,Q,687
1641571542,Q,688
1641571544,Q,689
1641571546,Q,690
1641571849,E,573
1641571849,R,580
1641572049,Q,691
1641572059,Q,692
1641572061,Q,693
1641572064,Q,694
1641572068,Q,695
1641572570,Q,696
1641572583,Q,697
1641572585,Q,698
1641572587,Q,699
1641573093,Q,700
1641573095,Q,701
1641573105,Q,702
1641573107,Q,703
1641573110,Q,704
1641573112,Q,705
1641573114,Q,706
1641573617,Q,707
1641573619,Q,708
1641573621,Q,709
1641573623,Q,710
1641574125,Q,711
1641574127,Q,712
1641574630,Q,713
1641574632,Q,714
1641575313,E,574
1641575313,R,581
1641575351,E,581
1641575351,R,582
1641575388,E,582
1641575388,R,584
1641575445,E,584
1641575445,R,587
1641578649,Q,715
1641578651,Q,716
1641578654,Q,717
1641578656,Q,718
1641578658,Q,719
1641578669,Q,720
1641578671,Q,721
1641578673,Q,722
1641579175,Q,723
1641579177,Q,724
1641579186,Q,725
1641579188,Q,726
1641579313,E,579
1641579313,R,589
1641579412,E,589
1641579412,R,590
1641582804,E,580
1641582984,E,590
1641583204,Q,727
1641583206,Q,728
1641583208,Q,729
1641583210,Q,730
1641583223,Q,731
1641583225,Q,732
1641583227,Q,733
1641583229,Q,734
1641583738,Q,735
1641583740,Q,736
1641583742,Q,737
1641583744,Q,738
1641583746,Q,739
1641583756,Q,740
1641583761,Q,741
1641583763,Q,742
1641583765,Q,743
1641583777,Q,744
1641583779,Q,745
1641583781,Q,746
1641584285,Q,747
1641584287,Q,748
1641584289,Q,749
1641584291,Q,750
1641584293,Q,751
1641584303,Q,752
1641584306,Q,753
1641584308,Q,754
1641584310,Q,755
1641584312,Q,756
1641584321,Q,757
1641584323,Q,758
1641584325,Q,759
1641584587,E,528
1641584587,R,538
1641584828,Q,760
1641584830,Q,761
1641584832,Q,762
1641584834,Q,763
1641584836,Q,764
1641584846,Q,765
1641584850,Q,766
1641584852,Q,767
1641585354,Q,768
1641585356,Q,769
1641585358,Q,770
1641585371,Q,771
1641585373,Q,772
1641586243,Q,773
1641586323,E,587
1641586323,R,596
1641586420,E,596
1641586420,R,598
1641586528,E,598
1641586528,R,607
1641588363,E,538
1641588363,R,564
1641588363,R,566
1641588363,R,567
1641588363,R,608
1641588476,E,564
1641588476,R,595
1641588572,E,595
1641588572,R,597
1641588705,E,597
1641588705,R,599
1641591049,E,466
1641591049,R,601
1641591049,R,602
1641591049,R,603
1641591049,R,618
1641591159,E,618
1641591159,R,620
1641591202,E,602
1641591202,R,604
1641591253,E,620
1641591253,R,626
1641591300,E,604
1641591300,R,606
1641591411,E,606
1641591411,R,609
1641591521,E,609
1641591521,R,610
1641591633,E,610
1641591633,R,612
1641591745,E,612
1641591745,R,614
1641591841,E,614
1641591841,R,615
1641591931,E,615
1641591931,R,616
1641592086,E,616
1641592086,R,617
1641592180,E,617
1641592180,R,623
1641592292,E,623
1641592292,R,624
1641592580,E,624
1641592580,R,628
1641592854,E,628
1641592854,R,629
1641594409,E,601
1641594409,R,631
1641594409,R,633
1641594485,E,633
1641594509,E,631
1641594509,R,634
1641594584,E,634
1641594584,R,636
1641594641,E,636
1641594641,R,637
1641594641,R,639
1641594718,E,639
1641594889,E,626
1641594889,R,640
1641594909,E,637
1641594909,R,641
1641594946,E,640
1641594946,R,642
1641594966,E,641
1641594966,R,643
1641595004,E,642
1641595004,R,644
1641595004,R,645
1641595061,E,645
1641595061,R,649
1641595119,E,649
1641595119,R,652
1641595120,E,644
1641595120,R,653
1641595155,E,653
1641595155,R,656
1641595177,E,652
1641595177,R,657
1641595366,Q,774
1641595625,E,657
1641595625,R,658
1641595660,E,658
1641595660,R,664
1641595687,E,664
1641595687,R,665
1641595727,E,665
1641595727,R,666
1641595784,E,666
1641595784,R,667
1641595818,Q,775
1641595822,E,667
1641595822,R,668
1641595877,E,668
1641595877,R,670
1641596071,E,670
1641596071,R,672
1641596151,E,672
1641596151,R,673
1641596189,E,673
1641596189,R,674
1641596305,E,674
1641596305,R,675
1641596358,E,675
1641596358,R,677
1641596390,E,629
1641596390,R,646
1641596434,E,677
1641596449,E,646
1641596449,R,647
1641596454,Q,776
1641596487,E,647
1641596487,R,648
1641596543,E,648
1641596543,R,650
1641596715,E,650
1641596715,R,651
1641596754,E,651
1641596754,R,654
1641596883,Q,777
1641596885,Q,778
1641596888,Q,779
1641597356,E,607
1641597356,R,655
1641597411,E,655
1641597411,R,659
1641597468,E,659
1641597468,R,660
1641597523,E,660
1641597523,R,661
1641597560,E,661
1641597560,R,662
1641597618,E,662
1641597618,R,663
1641597675,E,663
1641597675,R,669
1641597891,Q,780
1641597893,Q,781
1641598172,E,566
1641598172,R,671
1641598172,R,676
1641598172,R,678
1641598206,E,671
1641598206,R,679
1641598206,R,680
1641598244,E,679
1641598244,R,683
1641598246,E,678
1641598246,R,684
1641598282,E,680
1641598282,R,687
1641598297,Q,782
1641598301,Q,783
1641598303,E,684
1641598303,R,688
1641598318,E,687
1641598318,R,691
1641598321,E,683
1641598321,R,692
1641598357,E,688
1641598357,R,693
1641598375,E,691
1641598375,R,694
1641598399,E,692
1641598399,R,695
1641598431,E,693
1641598431,E,694
1641598431,R,698
1641598431,R,699
1641598460,E,695
1641598460,R,700
1641598471,E,699
1641598471,R,701
1641598509,E,698
1641598509,R,702
1641598514,E,700
1641598514,R,703
1641598529,E,701
1641598529,R,705
1641598547,E,702
1641598547,R,706
1641598566,E,705
1641598566,R,707
1641598572,E,703
1641598572,R,708
1641598587,E,706
1641598587,R,713
1641598603,E,707
1641598603,R,714
1641598653,E,713
1641598653,R,715
1641598669,E,714
1641598669,R,717
1641598711,E,715
1641598711,R,718
1641598738,E,717
1641598738,R,719
1641598745,E,708
1641598745,R,724
1641598749,E,718
1641598749,R,726
1641598795,E,719
1641598795,R,729
1641598802,E,724
1641598802,R,731
1641598828,E,726
1641598828,R,732
1641598856,E,731
1641598856,R,734
1641598861,E,729
1641598861,R,735
1641598872,E,732
1641598872,R,736
1641598901,Q,784
1641598901,E,735
1641598901,R,737
1641598903,Q,785
1641598906,Q,786
1641598910,E,734
1641598910,R,738
1641598927,E,736
1641598927,R,740
1641598967,E,738
1641598967,R,741
1641598979,E,737
1641598979,R,745
1641598983,E,740
1641598983,R,746
1641599026,E,741
1641599026,R,751
1641599044,E,746
1641599044,R,752
1641599056,E,745
1641599056,R,753
1641599084,E,752
1641599084,R,754
1641599087,E,751
1641599087,R,755
1641599107,E,654
1641599107,R,681
1641599134,E,753
1641599142,E,755
1641599142,R,682
1641599160,E,754
1641599165,E,681
1641599165,R,685
1641599165,R,756
1641599202,E,682
1641599202,R,686
1641599205,E,608
1641599205,R,759
1641599224,E,685
1641599224,R,689
1641599258,E,686
1641599258,R,690
1641599266,E,756
1641599266,R,760
1641599278,E,689
1641599278,R,696
1641599286,E,759
1641599286,R,765
1641599321,E,760
1641599321,R,766
1641599333,E,696
1641599333,R,697
1641599341,E,765
1641599341,R,767
1641599374,E,690
1641599374,R,704
1641599379,E,766
1641599379,R,768
1641599398,E,767
1641599398,R,769
1641599411,E,697
1641599411,R,709
1641599429,E,704
1641599429,R,710
1641599437,E,768
1641599437,R,772
1641599455,E,769
1641599455,R,773
1641599497,E,709
1641599497,R,711
1641599512,E,710
1641599512,E,772
1641599512,R,712
1641599512,R,777
1641599569,E,777
1641599569,R,779
1641599580,E,711
1641599580,R,716
1641599581,E,712
1641599581,R,720
1641599619,E,720
1641599619,R,721
1641599624,E,716
1641599624,R,722
1641599627,E,779
1641599627,R,780
1641599682,E,722
1641599682,R,723
1641599683,E,780
1641599683,R,782
1641599702,E,721
1641599702,R,725
1641599742,E,723
1641599742,E,725
1641599742,R,727
1641599742,R,728
1641599782,E,727
1641599782,R,730
1641599786,E,728
1641599786,R,733
1641599824,E,730
1641599824,R,739
1641599846,E,733
1641599846,R,742
1641599864,E,739
1641599864,R,743
1641599918,Q,787
1641599920,Q,788
1641599922,Q,789
1641599925,E,742
1641599925,R,744
1641599944,E,743
1641599944,R,747
1641599983,E,744
1641599983,R,748
1641599985,E,747
1641599985,R,749
1641600029,E,669
1641600029,R,750
1641600042,E,748
1641600042,R,757
1641600046,E,749
1641600046,R,758
1641600086,E,750
1641600086,R,761
1641600103,E,757
1641600103,R,762
1641600123,E,761
1641600123,R,763
1641600124,E,758
1641600124,R,764
1641600179,E,763
1641600179,R,770
1641600181,E,762
1641600181,R,771
1641600201,E,764
1641600201,R,778
1641600224,E,773
1641600224,R,785
1641600237,E,643
1641600237,E,770
1641600237,R,787
1641600237,R,781
1641600239,E,771
1641600239,R,784
1641600257,E,778
1641600257,R,786
1641600261,E,785
1641600278,E,784
1641600278,R,788
1641600298,E,781
1641600298,R,789
1641600313,E,787
1641600316,E,786
1641600339,E,788
1641600355,E,789
1641600557,Q,790
1641600575,Q,791
1641600629,Q,792
1641600646,Q,793
1641600924,Q,794
1641600924,R,794
1641600926,Q,795
1641600926,R,795
1641600937,Q,796
1641600937,R,796
1641600982,E,794
1641600985,E,795
1641600996,E,796
1641601529,Q,797
1641601567,Q,798
1641601731,E,676
1641602470,E,656
1641607128,E,567
1641608765,E,782
1641609205,Q,799
1641609211,Q,800
1641609225,Q,801
1641609501,Q,802
1641610159,Q,803
1641610348,E,599
1641610348,R,774
1641611568,Q,804
1641612670,E,603
1641612670,R,783
1641612670,R,790
1641615462,Q,805
1641615474,Q,806
1641616480,Q,807
1641616483,Q,808
1641616486,Q,809
1641617494,Q,810
1641617497,Q,811
1641617500,Q,812
1641618011,Q,813
1641618014,Q,814
1641618017,Q,815
1641618520,Q,816
1641618533,Q,817
1641618535,Q,818
1641619037,Q,819
1641619039,Q,820
1641619041,Q,821
1641619544,Q,822
1641619546,Q,823
1641619549,Q,824
1641620052,Q,825
1641620055,Q,826
1641620056,Q,827
1641620559,Q,828
1641620571,Q,829
1641620574,Q,830
1641621076,Q,831
1641621079,Q,832
1641621082,Q,833
1641621588,Q,834
1641621590,Q,835
1641621592,Q,836
1641621654,Q,837
1641621668,Q,838
1641621745,E,503
1641621745,R,775
1641621745,R,776
1641621745,R,791
1641621745,R,792
1641621745,R,793
1641621745,R,799
1641621872,E,783
1641621872,R,800
1641622510,Q,839
1641622526,Q,840
1641623302,Q,841
1641623513,E,790
1641623513,R,801
1641623595,E,801
1641623595,R,803
1641623632,Q,842
1641625682,E,803
1641625682,R,805
1641625740,E,805
1641625740,R,806
1641625796,E,806
1641625796,R,808
1641625855,E,808
1641625855,R,809
1641625913,E,809
1641625913,R,811
1641625970,E,811
1641625970,R,812
1641626026,E,812
1641626026,R,813
1641626064,E,813
1641626064,R,816
1641626120,E,816
1641626120,R,817
1641626159,E,817
1641626159,R,820
1641626220,E,820
1641626220,R,821
1641626258,E,821
1641626258,R,822
1641626317,E,822
1641626317,R,823
1641626451,E,823
1641626451,R,824
1641626506,E,824
1641626506,R,825
1641626621,E,825
1641626621,R,826
1641626678,E,826
1641626678,R,828
1641626735,E,828
1641626735,R,831
1641626849,E,831
1641626849,R,832
1641626963,E,832
1641626963,R,833
1641627020,E,833
1641627020,R,834
1641627162,E,834
1641627162,R,835
1641627273,E,835
1641627273,R,837
1641627371,E,837
1641627371,R,838
1641627408,E,838
1641627408,R,839
1641630769,E,799
1641630961,E,800
1641630961,R,840
1641631094,E,840
1641631094,R,841
1641631977,Q,843
1641632496,Q,844
1641632579,E,793
1641632579,R,807
1641632596,E,792
1641632599,E,791
1641632599,R,815
1641632639,E,807
1641632674,Q,845
1641632678,E,815
1641632678,R,797
1641635358,Q,846
1641635736,Q,847
1641638255,E,839
1641638255,R,842
1641638388,E,842
1641638388,R,843
1641639356,E,843
1641639356,R,844
1641640622,E,844
1641640622,R,845
1641640891,E,845
1641640891,R,846
1641641943,E,841
1641641943,R,847
1641644654,E,776
1641644654,R,798
1641644816,E,775
1641644816,R,802
1641644816,R,804
1641644816,R,810
1641644816,R,814
1641644853,E,814
1641644853,R,818
1641644876,E,810
1641644876,R,819
1641644933,E,819
1641644933,R,827
1641644937,E,818
1641644937,R,829
1641644990,E,827
1641644990,R,830
1641644992,E,829
1641644992,R,836
1641645030,E,836
1641645050,E,830
1641645661,E,797
1641649302,Q,848
1641649302,R,848
1641649305,Q,849
1641649305,R,849
1641649308,Q,850
1641649308,R,850
1641649320,Q,851
1641649320,R,851
1641649404,E,850
1641649417,E,848
1641649436,E,849
1641649451,E,851
1641650324,Q,852
1641650324,R,852
1641650327,Q,853
1641650327,R,853
1641650339,Q,854
1641650339,R,854
1641650364,E,852
1641650380,E,854
1641650386,E,853
1641650841,Q,855
1641650841,R,855
1641650853,Q,856
1641650853,R,856
1641650856,Q,857
1641650856,R,857
1641650914,E,857
1641650920,E,855
1641650930,E,856
1641650938,E,774
1641651360,Q,858
1641651360,R,858
1641651369,Q,859
1641651369,R,859
1641651371,Q,860
1641651371,R,860
1641651425,E,859
1641651440,E,858
1641651449,E,860
1641651740,E,846
1641651879,Q,861
1641651879,R,861
1641651881,Q,862
1641651881,R,862
1641651883,Q,863
1641651883,R,863
1641651936,E,861
1641651940,E,862
1641651941,E,863
1641652393,Q,864
1641652393,R,864
1641652395,Q,865
1641652395,R,865
1641652400,Q,866
1641652400,R,866
1641652402,Q,867
1641652402,R,867
1641652412,Q,868
1641652412,R,868
1641652450,E,864
1641652454,E,865
1641652456,E,866
1641652472,E,868
1641652481,E,867
1641652773,E,847
1641652925,Q,869
1641652925,R,869
1641652928,Q,870
1641652928,R,870
1641652931,Q,871
1641652931,R,871
1641652934,Q,872
1641652934,R,872
1641652984,E,869
1641652989,E,870
1641652991,E,871
1641653013,E,872
1641653436,Q,873
1641653436,R,873
1641653438,Q,874
1641653438,R,874
1641653440,Q,875
1641653440,R,875
1641653443,Q,876
1641653443,R,876
1641653445,Q,877
1641653445,R,877
1641653455,Q,878
1641653455,R,878
1641653458,Q,879
1641653458,R,879
1641653462,Q,880
1641653462,R,880
1641653482,E,876
1641653494,E,873
1641653499,E,875
1641653504,E,877
1641653511,E,878
1641653520,E,879
1641653544,E,880
1641653596,E,874
1641653964,Q,881
1641653964,R,881
1641653976,Q,882
1641653976,R,882
1641653978,Q,883
1641653978,R,883
1641653980,Q,884
1641653980,R,884
1641653983,Q,885
1641653983,R,885
1641653985,Q,886
1641653985,R,886
1641654020,E,881
1641654038,E,882
1641654040,E,883
1641654051,E,885
1641654061,E,884
1641654065,E,886
1641654489,Q,887
1641654489,R,887
1641654491,Q,888
1641654491,R,888
1641654494,Q,889
1641654494,R,889
1641654497,Q,890
1641654497,R,890
1641654508,Q,891
1641654508,R,891
1641654511,Q,892
1641654511,R,892
1641654513,Q,893
1641654513,R,893
1641654547,E,887
1641654551,E,888
1641654551,E,893
1641654554,E,889
1641654558,E,890
1641654566,E,891
1641654571,E,892
1641654628,E,802
1641654707,E,804
1641655017,Q,894
1641655017,R,894
1641655026,Q,895
1641655026,R,895
1641655028,Q,896
1641655028,R,896
1641655030,Q,897
1641655030,R,897
1641655032,Q,898
1641655032,R,898
1641655034,Q,899
1641655034,R,899
1641655047,Q,900
1641655047,R,900
1641655067,E,896
1641655076,E,894
1641655084,E,895
1641655091,E,898
1641655091,E,899
1641655110,E,897
1641655126,E,900
1641655551,Q,901
1641655551,R,901
1641655553,Q,902
1641655553,R,902
1641655555,Q,903
1641655555,R,903
1641655559,Q,904
1641655559,R,904
1641655570,Q,905
1641655570,R,905
1641655572,Q,906
1641655572,R,906
1641655575,Q,907
1641655575,R,907
1641655577,Q,908
1641655577,R,908
1641655612,E,901
1641655613,E,902
1641655613,E,907
1641655616,E,904
1641655628,E,905
1641655636,E,908
1641655650,E,906
1641655674,E,903
1641656081,Q,909
1641656081,R,909
1641656086,Q,910
1641656086,R,910
1641656090,Q,911
1641656090,R,911
1641656101,Q,912
1641656101,R,912
1641656104,Q,913
1641656104,R,913
1641656106,Q,914
1641656106,R,914
1641656128,E,911
1641656140,E,909
1641656140,E,912
1641656143,E,910
1641656162,E,913
1641656165,E,914
1641656615,Q,915
1641656615,R,915
1641656617,Q,916
1641656617,R,916
1641656620,Q,917
1641656620,R,917
1641656625,Q,918
1641656625,R,918
1641656635,Q,919
1641656635,R,919
1641656654,E,915
1641656664,E,918
1641656678,E,917
1641656693,E,919
1641656695,E,916
1641659642,Q,920
1641659642,R,920
1641659644,Q,921
1641659644,R,921
1641659647,Q,922
1641659647,R,922
1641659700,E,920
1641659702,E,921
1641659705,E,922
1641660338,E,798
1641660651,Q,923
1641660651,R,923
1641660654,Q,924
1641660654,R,924
1641660709,E,923
1641660716,E,924
1641661666,Q,925
1641661666,R,925
1641661668,Q,926
1641661668,R,926
1641661670,Q,927
1641661670,R,927
1641661723,E,925
1641661726,E,926
1641661731,E,927
1641662673,Q,928
1641662673,R,928
1641662675,Q,929
1641662675,R,929
1641662686,Q,930
1641662686,R,930
1641662731,E,928
1641662735,E,929
1641662747,E,930
1641663690,Q,931
1641663690,R,931
1641663702,Q,932
1641663702,R,932
1641663705,Q,933
1641663705,R,933
1641663749,E,931
1641663763,E,932
1641663764,E,933
1641664708,Q,934
1641664708,R,934
1641664710,Q,935
1641664710,R,935
1641664721,Q,936
1641664721,R,936
1641664766,E,934
1641664768,E,935
1641664779,E,936
1641665472,Q,937
1641665472,R,937
1641665725,Q,938
1641665725,R,938
1641665728,Q,939
1641665728,R,939
1641665740,Q,940
1641665740,R,940
1641665779,E,940
1641665784,E,938
1641665785,E,939
1641666743,Q,941
1641666743,R,941
1641666746,Q,942
1641666746,R,942
1641666748,Q,943
1641666748,R,943
1641666786,E,943
1641666800,E,941
1641666804,E,942
1641667752,Q,944
1641667752,R,944
1641667764,Q,945
1641667764,R,945
1641667766,Q,946
1641667766,R,946
1641667810,E,944
1641667822,E,945
1641667826,E,946
1641668776,Q,947
1641668776,R,947
1641668778,Q,948
1641668778,R,948
1641668781,Q,949
1641668781,R,949
1641668835,E,948
1641668839,E,949
1641668852,E,947
1641669785,Q,950
1641669785,R,950
1641669787,Q,951
1641669787,R,951
1641669789,Q,952
1641669789,R,952
1641669844,E,950
1641669844,E,951
1641669868,E,952
1641671295,Q,953
1641671295,R,953
1641671297,Q,954
1641671297,R,954
1641671299,Q,955
1641671299,R,955
1641671302,Q,956
1641671302,R,956
1641671352,E,953
1641671356,E,954
1641671363,E,956
1641671379,E,955
1641672308,Q,957
1641672308,R,957
1641672310,Q,958
1641672310,R,958
1641672312,Q,959
1641672312,R,959
1641672366,E,957
1641672370,E,958
1641672370,E,959
1641673322,Q,960
1641673322,R,960
1641673324,Q,961
1641673324,R,961
1641673326,Q,962
1641673326,R,962
1641673381,E,960
1641673382,E,961
1641673388,E,962
1641674346,Q,963
1641674346,R,963
1641674349,Q,964
1641674349,R,964
1641674352,Q,965
1641674352,R,965
1641674389,E,964
1641674406,E,963
1641674409,E,965
1641675410,Q,966
1641675410,R,966
1641675425,Q,967
1641675425,R,967
1641675483,E,967
1641675864,Q,968
1641675864,R,968
1641675866,Q,969
1641675866,R,969
1641675868,Q,970
1641675868,R,970
1641675870,Q,971
1641675870,R,971
1641675901,E,968
1641675924,E,969
1641675927,E,971
1641675928,E,970
1641676872,Q,972
1641676872,R,972
1641676875,Q,973
1641676875,R,973
1641676884,Q,974
1641676884,R,974
1641676913,E,973
1641676930,E,972
1641676942,E,974
1641677565,Q,975
1641677565,R,975
1641677978,E,975
1641679844,Q,976
1641679844,R,976
1641680393,Q,977
1641680393,R,977
1641680396,Q,978
1641680396,R,978
1641680398,Q,979
1641680398,R,979
1641680400,Q,980
1641680400,R,980
1641680448,E,977
1641680456,E,980
1641680478,E,978
1641680479,E,979
1641680902,Q,981
1641680902,R,981
1641680905,Q,982
1641680905,R,982
1641680908,Q,983
1641680908,R,983
1641680921,Q,984
1641680921,R,984
1641680960,E,981
1641680963,E,982
1641680967,E,983
1641680998,E,984
1641681245,Q,985
1641681245,R,985
1641681278,Q,986
1641681278,R,986
1641681281,E,985
1641681353,E,986
1641681424,Q,987
1641681424,R,987
1641681433,Q,988
1641681433,R,988
1641681435,Q,989
1641681435,R,989
1641681437,Q,990
1641681437,R,990
1641681439,Q,991
1641681439,R,991
1641681441,Q,992
1641681441,R,992
1641681454,Q,993
1641681454,R,993
1641681481,E,992
1641681482,E,987
1641681492,E,988
1641681494,E,989
1641681511,E,993
1641681513,E,990
1641681515,E,991
1641681964,Q,994
1641681964,R,994
1641681967,Q,995
1641681967,R,995
1641681969,Q,996
1641681969,R,996
1641682023,E,994
1641682023,E,995
1641682029,E,996
1641682471,Q,997
1641682471,R,997
1641682482,Q,998
1641682482,R,998
1641682484,Q,999
1641682484,R,999
1641682486,Q,1000
1641682486,R,1000
1641682528,E,997
1641682539,E,998
1641682540,E,999
1641682546,E,1000
1641689167,E,937
1641690694,E,976
1641697031,E,966
